Thu May 26 16:44:07 GMT+08:00 2005  [debug] AvalonLogSystem initialized using logfile 'velocity.log'
Thu May 26 16:44:07 GMT+08:00 2005   [info] ************************************************************** 
Thu May 26 16:44:07 GMT+08:00 2005   [info] Starting Jakarta Velocity v1.3.1
Thu May 26 16:44:07 GMT+08:00 2005   [info] RuntimeInstance initializing.
Thu May 26 16:44:07 GMT+08:00 2005   [info] Default Properties File: org\apache\velocity\runtime\defaults\velocity.properties
Thu May 26 16:44:07 GMT+08:00 2005   [info] Trying to use logger class org.apache.velocity.runtime.log.AvalonLogSystem
Thu May 26 16:44:07 GMT+08:00 2005   [info] Using logger class org.apache.velocity.runtime.log.AvalonLogSystem
Thu May 26 16:44:07 GMT+08:00 2005   [info] Default ResourceManager initializing. (class org.apache.velocity.runtime.resource.ResourceManagerImpl)
Thu May 26 16:44:07 GMT+08:00 2005   [info] Resource Loader Instantiated: org.apache.velocity.runtime.resource.loader.FileResourceLoader
Thu May 26 16:44:07 GMT+08:00 2005   [info] FileResourceLoader : initialization starting.
Thu May 26 16:44:07 GMT+08:00 2005   [info] FileResourceLoader : adding path 'D:\rs\detaForce4\samples\forum-step4\tomcat-run\webapps\..\..\web'
Thu May 26 16:44:07 GMT+08:00 2005   [info] FileResourceLoader : initialization complete.
Thu May 26 16:44:07 GMT+08:00 2005   [info] Resource Loader Instantiated: com.opensymphony.webwork.views.velocity.WebWorkResourceLoader
Thu May 26 16:44:07 GMT+08:00 2005   [info] ClasspathResourceLoader : initialization starting.
Thu May 26 16:44:07 GMT+08:00 2005   [info] ClasspathResourceLoader : initialization complete.
Thu May 26 16:44:07 GMT+08:00 2005   [info] ResourceCache : initialized. (class org.apache.velocity.runtime.resource.ResourceCacheImpl)
Thu May 26 16:44:07 GMT+08:00 2005   [info] Default ResourceManager initialization complete.
Thu May 26 16:44:07 GMT+08:00 2005   [info] Loaded System Directive: org.apache.velocity.runtime.directive.Literal
Thu May 26 16:44:07 GMT+08:00 2005   [info] Loaded System Directive: org.apache.velocity.runtime.directive.Macro
Thu May 26 16:44:07 GMT+08:00 2005   [info] Loaded System Directive: org.apache.velocity.runtime.directive.Parse
Thu May 26 16:44:07 GMT+08:00 2005   [info] Loaded System Directive: org.apache.velocity.runtime.directive.Include
Thu May 26 16:44:07 GMT+08:00 2005   [info] Loaded System Directive: org.apache.velocity.runtime.directive.Foreach
Thu May 26 16:44:07 GMT+08:00 2005   [info] Loaded User Directive: com.opensymphony.webwork.views.velocity.ParamDirective
Thu May 26 16:44:07 GMT+08:00 2005   [info] Loaded User Directive: com.opensymphony.webwork.views.velocity.TagDirective
Thu May 26 16:44:07 GMT+08:00 2005   [info] Loaded User Directive: com.opensymphony.webwork.views.velocity.BodyTagDirective
Thu May 26 16:44:07 GMT+08:00 2005   [info] Created: 20 parsers.
Thu May 26 16:44:07 GMT+08:00 2005   [info] Velocimacro : initialization starting.
Thu May 26 16:44:07 GMT+08:00 2005   [info] Velocimacro : adding VMs from VM library template : VM_global_library.vm
Thu May 26 16:44:07 GMT+08:00 2005  [error] ResourceManager : unable to find resource 'VM_global_library.vm' in any resource loader.
Thu May 26 16:44:07 GMT+08:00 2005   [info] Velocimacro : error using  VM library template VM_global_library.vm : org.apache.velocity.exception.ResourceNotFoundException: Unable to find resource 'VM_global_library.vm'
Thu May 26 16:44:07 GMT+08:00 2005   [info] Velocimacro :  VM library template macro registration complete.
Thu May 26 16:44:07 GMT+08:00 2005   [info] Velocimacro : allowInline = true : VMs can be defined inline in templates
Thu May 26 16:44:07 GMT+08:00 2005   [info] Velocimacro : allowInlineToOverride = false : VMs defined inline may NOT replace previous VM definitions
Thu May 26 16:44:07 GMT+08:00 2005   [info] Velocimacro : allowInlineLocal = false : VMs defined inline will be  global in scope if allowed.
Thu May 26 16:44:07 GMT+08:00 2005   [info] Velocimacro : messages on  : VM system will output logging messages
Thu May 26 16:44:07 GMT+08:00 2005   [info] Velocimacro : autoload off  : VM system will not automatically reload global library macros
Thu May 26 16:44:07 GMT+08:00 2005   [info] Velocimacro : initialization complete.
Thu May 26 16:44:07 GMT+08:00 2005   [info] Velocity successfully started.
